# JRE version: Java(TM) SE Runtime Environment (8.0_73-b02) (build 1.8.0_73-b02)
# Java VM: Java HotSpot(TM) 64-Bit Server VM (25.73-b02 mixed mode windows-amd64 compressed oops)
Heap:
 PSYoungGen      total 162304K, used 14449K [0x000000076ab00000, 0x000000077b180000, 0x00000007c0000000)
  eden space 138240K, 2% used [0x000000076ab00000,0x000000076ae2e8a8,0x0000000773200000)
  from space 24064K, 46% used [0x0000000775b80000,0x000000077666ddb0,0x0000000777300000)
  to   space 42496K, 0% used [0x0000000773200000,0x0000000773200000,0x0000000775b80000)
 ParOldGen       total 224256K, used 224092K [0x00000006c0000000, 0x00000006cdb00000, 0x000000076ab00000)
  object space 224256K, 99% used [0x00000006c0000000,0x00000006cdad72b8,0x00000006cdb00000)
 Metaspace       used 6604K, capacity 7256K, committed 7424K, reserved 1056768K
  class space    used 623K, capacity 656K, committed 768K, reserved 1048576K
GC Heap History (10 events):
Event: 21.020 GC heap before
{Heap before GC invocations=19 (full 2):
 PSYoungGen      total 179200K, used 164012K [0x000000076ab00000, 0x0000000777780000, 0x00000007c0000000)
  eden space 155136K, 100% used [0x000000076ab00000,0x0000000774280000,0x0000000774280000)
  from space 24064K, 36% used [0x0000000775b80000,0x000000077642b268,0x0000000777300000)
  to   space 25600K, 0% used [0x0000000774280000,0x0000000774280000,0x0000000775b80000)
 ParOldGen       total 224256K, used 133866K [0x00000006c0000000, 0x00000006cdb00000, 0x000000076ab00000)
  object space 224256K, 59% used [0x00000006c0000000,0x00000006c82ba848,0x00000006cdb00000)
 Metaspace       used 6582K, capacity 7256K, committed 7424K, reserved 1056768K
  class space    used 621K, capacity 656K, committed 768K, reserved 1048576K
Event: 21.139 GC heap after
Heap after GC invocations=19 (full 2):
 PSYoungGen      total 180736K, used 23199K [0x000000076ab00000, 0x0000000777780000, 0x00000007c0000000)
  eden space 155136K, 0% used [0x000000076ab00000,0x000000076ab00000,0x0000000774280000)
  from space 25600K, 90% used [0x0000000774280000,0x0000000775927db0,0x0000000775b80000)
  to   space 24064K, 0% used [0x0000000775b80000,0x0000000775b80000,0x0000000777300000)
 ParOldGen       total 224256K, used 142203K [0x00000006c0000000, 0x00000006cdb00000, 0x000000076ab00000)
  object space 224256K, 63% used [0x00000006c0000000,0x00000006c8adeff8,0x00000006cdb00000)
 Metaspace       used 6582K, capacity 7256K, committed 7424K, reserved 1056768K
  class space    used 621K, capacity 656K, committed 768K, reserved 1048576K
}
Event: 22.536 GC heap before
{Heap before GC invocations=20 (full 2):
 PSYoungGen      total 180736K, used 178335K [0x000000076ab00000, 0x0000000777780000, 0x00000007c0000000)
  eden space 155136K, 100% used [0x000000076ab00000,0x0000000774280000,0x0000000774280000)
  from space 25600K, 90% used [0x0000000774280000,0x0000000775927db0,0x0000000775b80000)
  to   space 24064K, 0% used [0x0000000775b80000,0x0000000775b80000,0x0000000777300000)
 ParOldGen       total 224256K, used 142203K [0x00000006c0000000, 0x00000006cdb00000, 0x000000076ab00000)
  object space 224256K, 63% used [0x00000006c0000000,0x00000006c8adeff8,0x00000006cdb00000)
 Metaspace       used 6588K, capacity 7256K, committed 7424K, reserved 1056768K
  class space    used 621K, capacity 656K, committed 768K, reserved 1048576K
Event: 22.676 GC heap after
Heap after GC invocations=20 (full 2):
 PSYoungGen      total 179200K, used 23392K [0x000000076ab00000, 0x0000000777780000, 0x00000007c0000000)
  eden space 155136K, 0% used [0x000000076ab00000,0x000000076ab00000,0x0000000774280000)
  from space 24064K, 97% used [0x0000000775b80000,0x0000000777258000,0x0000000777300000)
  to   space 25600K, 0% used [0x0000000774280000,0x0000000774280000,0x0000000775b80000)
 ParOldGen       total 224256K, used 164758K [0x00000006c0000000, 0x00000006cdb00000, 0x000000076ab00000)
  object space 224256K, 73% used [0x00000006c0000000,0x00000006ca0e5a30,0x00000006cdb00000)
 Metaspace       used 6588K, capacity 7256K, committed 7424K, reserved 1056768K
  class space    used 621K, capacity 656K, committed 768K, reserved 1048576K
}
Event: 23.391 GC heap before
{Heap before GC invocations=21 (full 2):
 PSYoungGen      total 179200K, used 178528K [0x000000076ab00000, 0x0000000777780000, 0x00000007c0000000)
  eden space 155136K, 100% used [0x000000076ab00000,0x0000000774280000,0x0000000774280000)
  from space 24064K, 97% used [0x0000000775b80000,0x0000000777258000,0x0000000777300000)
  to   space 25600K, 0% used [0x0000000774280000,0x0000000774280000,0x0000000775b80000)
 ParOldGen       total 224256K, used 164758K [0x00000006c0000000, 0x00000006cdb00000, 0x000000076ab00000)
  object space 224256K, 73% used [0x00000006c0000000,0x00000006ca0e5a30,0x00000006cdb00000)
 Metaspace       used 6590K, capacity 7256K, committed 7424K, reserved 1056768K
  class space    used 621K, capacity 656K, committed 768K, reserved 1048576K
Event: 23.467 GC heap after
Heap after GC invocations=21 (full 2):
 PSYoungGen      total 180736K, used 25576K [0x000000076ab00000, 0x0000000777780000, 0x00000007c0000000)
  eden space 155136K, 0% used [0x000000076ab00000,0x000000076ab00000,0x0000000774280000)
  from space 25600K, 99% used [0x0000000774280000,0x0000000775b7a2b0,0x0000000775b80000)
  to   space 24064K, 0% used [0x0000000775b80000,0x0000000775b80000,0x0000000777300000)
 ParOldGen       total 224256K, used 191193K [0x00000006c0000000, 0x00000006cdb00000, 0x000000076ab00000)
  object space 224256K, 85% used [0x00000006c0000000,0x00000006cbab6708,0x00000006cdb00000)
 Metaspace       used 6590K, capacity 7256K, committed 7424K, reserved 1056768K
  class space    used 621K, capacity 656K, committed 768K, reserved 1048576K
}
Event: 26.540 GC heap before
{Heap before GC invocations=22 (full 2):
 PSYoungGen      total 180736K, used 180712K [0x000000076ab00000, 0x0000000777780000, 0x00000007c0000000)
  eden space 155136K, 100% used [0x000000076ab00000,0x0000000774280000,0x0000000774280000)
  from space 25600K, 99% used [0x0000000774280000,0x0000000775b7a2b0,0x0000000775b80000)
  to   space 24064K, 0% used [0x0000000775b80000,0x0000000775b80000,0x0000000777300000)
 ParOldGen       total 224256K, used 191193K [0x00000006c0000000, 0x00000006cdb00000, 0x000000076ab00000)
  object space 224256K, 85% used [0x00000006c0000000,0x00000006cbab6708,0x00000006cdb00000)
 Metaspace       used 6604K, capacity 7256K, committed 7424K, reserved 1056768K
  class space    used 623K, capacity 656K, committed 768K, reserved 1048576K
Event: 26.605 GC heap after
Heap after GC invocations=22 (full 2):
 PSYoungGen      total 162304K, used 23637K [0x000000076ab00000, 0x000000077b180000, 0x00000007c0000000)
  eden space 138240K, 0% used [0x000000076ab00000,0x000000076ab00000,0x0000000773200000)
  from space 24064K, 98% used [0x0000000775b80000,0x0000000777295630,0x0000000777300000)
  to   space 42496K, 0% used [0x0000000773200000,0x0000000773200000,0x0000000775b80000)
 ParOldGen       total 224256K, used 214237K [0x00000006c0000000, 0x00000006cdb00000, 0x000000076ab00000)
  object space 224256K, 95% used [0x00000006c0000000,0x00000006cd137608,0x00000006cdb00000)
 Metaspace       used 6604K, capacity 7256K, committed 7424K, reserved 1056768K
  class space    used 623K, capacity 656K, committed 768K, reserved 1048576K
}
Event: 26.605 GC heap before
{Heap before GC invocations=23 (full 3):
 PSYoungGen      total 162304K, used 23637K [0x000000076ab00000, 0x000000077b180000, 0x00000007c0000000)
  eden space 138240K, 0% used [0x000000076ab00000,0x000000076ab00000,0x0000000773200000)
  from space 24064K, 98% used [0x0000000775b80000,0x0000000777295630,0x0000000777300000)
  to   space 42496K, 0% used [0x0000000773200000,0x0000000773200000,0x0000000775b80000)
 ParOldGen       total 224256K, used 214237K [0x00000006c0000000, 0x00000006cdb00000, 0x000000076ab00000)
  object space 224256K, 95% used [0x00000006c0000000,0x00000006cd137608,0x00000006cdb00000)
 Metaspace       used 6604K, capacity 7256K, committed 7424K, reserved 1056768K
  class space    used 623K, capacity 656K, committed 768K, reserved 1048576K
Event: 28.652 GC heap after
Heap after GC invocations=23 (full 3):
 PSYoungGen      total 162304K, used 11191K [0x000000076ab00000, 0x000000077b180000, 0x00000007c0000000)
  eden space 138240K, 0% used [0x000000076ab00000,0x000000076ab00000,0x0000000773200000)
  from space 24064K, 46% used [0x0000000775b80000,0x000000077666ddb0,0x0000000777300000)
  to   space 42496K, 0% used [0x0000000773200000,0x0000000773200000,0x0000000775b80000)
 ParOldGen       total 224256K, used 224092K [0x00000006c0000000, 0x00000006cdb00000, 0x000000076ab00000)
  object space 224256K, 99% used [0x00000006c0000000,0x00000006cdad72b8,0x00000006cdb00000)
 Metaspace       used 6604K, capacity 7256K, committed 7424K, reserved 1056768K
  class space    used 623K, capacity 656K, committed 768K, reserved 1048576K
}

